{"/Users/nickhughes/Documents/My Projects/Coffee-near-me/Coffee-backend/src/server.ts": {"path":"/Users/nickhughes/Documents/My Projects/Coffee-near-me/Coffee-backend/src/server.ts","statementMap":{"0":{"start":{"line":1,"column":0},"end":{"line":1,"column":30}},"1":{"start":{"line":2,"column":0},"end":{"line":2,"column":24}},"2":{"start":{"line":3,"column":0},"end":{"line":3,"column":32}},"3":{"start":{"line":4,"column":0},"end":{"line":4,"column":45}},"4":{"start":{"line":5,"column":0},"end":{"line":5,"column":28}},"5":{"start":{"line":7,"column":0},"end":{"line":7,"column":16}},"6":{"start":{"line":10,"column":12},"end":{"line":10,"column":21}},"7":{"start":{"line":11,"column":18},"end":{"line":11,"column":39}},"8":{"start":{"line":12,"column":13},"end":{"line":12,"column":29}},"9":{"start":{"line":16,"column":0},"end":{"line":16,"column":16}},"10":{"start":{"line":17,"column":0},"end":{"line":17,"column":24}},"11":{"start":{"line":18,"column":0},"end":{"line":21,"column":3}},"12":{"start":{"line":19,"column":2},"end":{"line":19,"column":36}},"13":{"start":{"line":20,"column":2},"end":{"line":20,"column":9}},"14":{"start":{"line":24,"column":0},"end":{"line":24,"column":36}},"15":{"start":{"line":28,"column":0},"end":{"line":35,"column":null}},"16":{"start":{"line":29,"column":2},"end":{"line":34,"column":null}},"17":{"start":{"line":30,"column":4},"end":{"line":30,"column":32}},"18":{"start":{"line":33,"column":4},"end":{"line":33,"column":23}},"19":{"start":{"line":38,"column":0},"end":{"line":38,"column":19}}},"fnMap":{"0":{"name":"(anonymous_1)","decl":{"start":{"line":18,"column":8},"end":{"line":18,"column":9}},"loc":{"start":{"line":18,"column":27},"end":{"line":21,"column":1}}}},"branchMap":{"0":{"loc":{"start":{"line":28,"column":0},"end":{"line":35,"column":null}},"type":"if","locations":[{"start":{"line":28,"column":0},"end":{"line":35,"column":null}}]}},"s":{"0":1,"1":1,"2":1,"3":1,"4":1,"5":1,"6":1,"7":1,"8":1,"9":1,"10":1,"11":1,"12":4,"13":4,"14":1,"15":1,"16":1,"17":1,"18":0,"19":1},"f":{"0":4},"b":{"0":[1]}}
,"/Users/nickhughes/Documents/My Projects/Coffee-near-me/Coffee-backend/src/controllers/coffeeshopController.ts": {"path":"/Users/nickhughes/Documents/My Projects/Coffee-near-me/Coffee-backend/src/controllers/coffeeshopController.ts","statementMap":{"0":{"start":{"line":1,"column":0},"end":{"line":1,"column":49}},"1":{"start":{"line":2,"column":0},"end":{"line":2,"column":32}},"2":{"start":{"line":6,"column":33},"end":{"line":9,"column":1}},"3":{"start":{"line":7,"column":15},"end":{"line":7,"column":40}},"4":{"start":{"line":8,"column":2},"end":{"line":8,"column":29}},"5":{"start":{"line":6,"column":13},"end":{"line":6,"column":33}},"6":{"start":{"line":12,"column":29},"end":{"line":21,"column":1}},"7":{"start":{"line":13,"column":17},"end":{"line":13,"column":27}},"8":{"start":{"line":14,"column":2},"end":{"line":17,"column":null}},"9":{"start":{"line":15,"column":4},"end":{"line":15,"column":60}},"10":{"start":{"line":16,"column":4},"end":{"line":16,"column":11}},"11":{"start":{"line":19,"column":21},"end":{"line":19,"column":50}},"12":{"start":{"line":20,"column":2},"end":{"line":20,"column":35}},"13":{"start":{"line":12,"column":13},"end":{"line":12,"column":29}},"14":{"start":{"line":24,"column":35},"end":{"line":33,"column":1}},"15":{"start":{"line":25,"column":19},"end":{"line":25,"column":29}},"16":{"start":{"line":26,"column":2},"end":{"line":29,"column":null}},"17":{"start":{"line":27,"column":4},"end":{"line":27,"column":57}},"18":{"start":{"line":28,"column":4},"end":{"line":28,"column":11}},"19":{"start":{"line":31,"column":26},"end":{"line":31,"column":63}},"20":{"start":{"line":32,"column":2},"end":{"line":32,"column":40}},"21":{"start":{"line":24,"column":13},"end":{"line":24,"column":35}},"22":{"start":{"line":36,"column":32},"end":{"line":45,"column":1}},"23":{"start":{"line":37,"column":25},"end":{"line":37,"column":33}},"24":{"start":{"line":39,"column":2},"end":{"line":44,"column":null}},"25":{"start":{"line":40,"column":23},"end":{"line":40,"column":62}},"26":{"start":{"line":41,"column":4},"end":{"line":41,"column":37}},"27":{"start":{"line":43,"column":4},"end":{"line":43,"column":48}},"28":{"start":{"line":36,"column":13},"end":{"line":36,"column":32}},"29":{"start":{"line":47,"column":32},"end":{"line":59,"column":1}},"30":{"start":{"line":48,"column":15},"end":{"line":48,"column":25}},"31":{"start":{"line":50,"column":2},"end":{"line":58,"column":null}},"32":{"start":{"line":51,"column":18},"end":{"line":53,"column":18}},"33":{"start":{"line":54,"column":30},"end":{"line":54,"column":63}},"34":{"start":{"line":55,"column":4},"end":{"line":55,"column":44}},"35":{"start":{"line":57,"column":4},"end":{"line":57,"column":80}},"36":{"start":{"line":47,"column":13},"end":{"line":47,"column":32}},"37":{"start":{"line":62,"column":32},"end":{"line":80,"column":1}},"38":{"start":{"line":63,"column":17},"end":{"line":63,"column":27}},"39":{"start":{"line":65,"column":2},"end":{"line":68,"column":null}},"40":{"start":{"line":66,"column":4},"end":{"line":66,"column":74}},"41":{"start":{"line":67,"column":4},"end":{"line":67,"column":11}},"42":{"start":{"line":69,"column":28},"end":{"line":71,"column":null}},"43":{"start":{"line":73,"column":2},"end":{"line":73,"column":81}},"44":{"start":{"line":75,"column":2},"end":{"line":79,"column":null}},"45":{"start":{"line":76,"column":4},"end":{"line":78,"column":66}},"46":{"start":{"line":62,"column":13},"end":{"line":62,"column":32}}},"fnMap":{"0":{"name":"(anonymous_1)","decl":{"start":{"line":6,"column":33},"end":{"line":6,"column":38}},"loc":{"start":{"line":6,"column":71},"end":{"line":9,"column":1}}},"1":{"name":"(anonymous_2)","decl":{"start":{"line":12,"column":29},"end":{"line":12,"column":34}},"loc":{"start":{"line":12,"column":67},"end":{"line":21,"column":1}}},"2":{"name":"(anonymous_3)","decl":{"start":{"line":24,"column":35},"end":{"line":24,"column":40}},"loc":{"start":{"line":24,"column":71},"end":{"line":33,"column":1}}},"3":{"name":"(anonymous_4)","decl":{"start":{"line":36,"column":32},"end":{"line":36,"column":37}},"loc":{"start":{"line":36,"column":70},"end":{"line":45,"column":1}}},"4":{"name":"(anonymous_5)","decl":{"start":{"line":47,"column":32},"end":{"line":47,"column":37}},"loc":{"start":{"line":47,"column":70},"end":{"line":59,"column":1}}},"5":{"name":"(anonymous_6)","decl":{"start":{"line":62,"column":32},"end":{"line":62,"column":37}},"loc":{"start":{"line":62,"column":70},"end":{"line":80,"column":1}}}},"branchMap":{"0":{"loc":{"start":{"line":14,"column":2},"end":{"line":17,"column":null}},"type":"if","locations":[{"start":{"line":14,"column":2},"end":{"line":17,"column":null}}]},"1":{"loc":{"start":{"line":26,"column":2},"end":{"line":29,"column":null}},"type":"if","locations":[{"start":{"line":26,"column":2},"end":{"line":29,"column":null}}]},"2":{"loc":{"start":{"line":51,"column":18},"end":{"line":53,"column":18}},"type":"cond-expr","locations":[{"start":{"line":52,"column":6},"end":{"line":52,"column":17}},{"start":{"line":53,"column":6},"end":{"line":53,"column":18}}]},"3":{"loc":{"start":{"line":65,"column":2},"end":{"line":68,"column":null}},"type":"if","locations":[{"start":{"line":65,"column":2},"end":{"line":68,"column":null}}]},"4":{"loc":{"start":{"line":75,"column":2},"end":{"line":79,"column":null}},"type":"if","locations":[{"start":{"line":75,"column":2},"end":{"line":79,"column":null}}]}},"s":{"0":1,"1":1,"2":1,"3":1,"4":1,"5":1,"6":1,"7":1,"8":1,"9":0,"10":0,"11":1,"12":1,"13":1,"14":1,"15":0,"16":0,"17":0,"18":0,"19":0,"20":0,"21":1,"22":1,"23":1,"24":1,"25":1,"26":1,"27":0,"28":1,"29":1,"30":1,"31":1,"32":1,"33":1,"34":1,"35":0,"36":1,"37":1,"38":0,"39":0,"40":0,"41":0,"42":0,"43":0,"44":0,"45":0,"46":1},"f":{"0":1,"1":1,"2":0,"3":1,"4":1,"5":0},"b":{"0":[0],"1":[0],"2":[0,1],"3":[0],"4":[0]}}
,"/Users/nickhughes/Documents/My Projects/Coffee-near-me/Coffee-backend/src/models/Coffeeshops.ts": {"path":"/Users/nickhughes/Documents/My Projects/Coffee-near-me/Coffee-backend/src/models/Coffeeshops.ts","statementMap":{"0":{"start":{"line":1,"column":0},"end":{"line":1,"column":32}},"1":{"start":{"line":3,"column":15},"end":{"line":3,"column":30}},"2":{"start":{"line":4,"column":25},"end":{"line":15,"column":null}},"3":{"start":{"line":17,"column":19},"end":{"line":17,"column":65}},"4":{"start":{"line":19,"column":0},"end":{"line":19,"column":26}}},"fnMap":{},"branchMap":{},"s":{"0":1,"1":1,"2":1,"3":1,"4":1},"f":{},"b":{}}
,"/Users/nickhughes/Documents/My Projects/Coffee-near-me/Coffee-backend/src/routes/coffeeshops.ts": {"path":"/Users/nickhughes/Documents/My Projects/Coffee-near-me/Coffee-backend/src/routes/coffeeshops.ts","statementMap":{"0":{"start":{"line":1,"column":0},"end":{"line":1,"column":30}},"1":{"start":{"line":2,"column":0},"end":{"line":2,"column":null}},"2":{"start":{"line":14,"column":15},"end":{"line":14,"column":31}},"3":{"start":{"line":17,"column":0},"end":{"line":17,"column":35}},"4":{"start":{"line":20,"column":0},"end":{"line":20,"column":34}},"5":{"start":{"line":23,"column":0},"end":{"line":23,"column":42}},"6":{"start":{"line":26,"column":0},"end":{"line":26,"column":35}},"7":{"start":{"line":29,"column":0},"end":{"line":29,"column":40}},"8":{"start":{"line":32,"column":0},"end":{"line":32,"column":39}},"9":{"start":{"line":34,"column":0},"end":{"line":34,"column":22}}},"fnMap":{},"branchMap":{},"s":{"0":1,"1":1,"2":1,"3":1,"4":1,"5":1,"6":1,"7":1,"8":1,"9":1},"f":{},"b":{}}
}
