{"/Users/nathangray/Projects/SOC_Workshops/coffee/Coffee-backend/src/server.ts": {"path":"/Users/nathangray/Projects/SOC_Workshops/coffee/Coffee-backend/src/server.ts","statementMap":{"0":{"start":{"line":1,"column":0},"end":{"line":1,"column":30}},"1":{"start":{"line":2,"column":0},"end":{"line":2,"column":24}},"2":{"start":{"line":3,"column":0},"end":{"line":3,"column":32}},"3":{"start":{"line":4,"column":0},"end":{"line":4,"column":45}},"4":{"start":{"line":5,"column":0},"end":{"line":5,"column":28}},"5":{"start":{"line":7,"column":0},"end":{"line":7,"column":16}},"6":{"start":{"line":10,"column":12},"end":{"line":10,"column":21}},"7":{"start":{"line":42,"column":8},"end":{"line":42,"column":11}},"8":{"start":{"line":11,"column":18},"end":{"line":11,"column":39}},"9":{"start":{"line":12,"column":13},"end":{"line":12,"column":29}},"10":{"start":{"line":13,"column":15},"end":{"line":17,"column":2}},"11":{"start":{"line":14,"column":2},"end":{"line":16,"column":4}},"12":{"start":{"line":42,"column":14},"end":{"line":42,"column":20}},"13":{"start":{"line":20,"column":0},"end":{"line":20,"column":16}},"14":{"start":{"line":21,"column":0},"end":{"line":21,"column":24}},"15":{"start":{"line":22,"column":0},"end":{"line":25,"column":3}},"16":{"start":{"line":23,"column":2},"end":{"line":23,"column":36}},"17":{"start":{"line":24,"column":2},"end":{"line":24,"column":9}},"18":{"start":{"line":28,"column":0},"end":{"line":28,"column":36}},"19":{"start":{"line":32,"column":0},"end":{"line":39,"column":null}},"20":{"start":{"line":33,"column":2},"end":{"line":38,"column":null}},"21":{"start":{"line":34,"column":4},"end":{"line":34,"column":32}},"22":{"start":{"line":37,"column":4},"end":{"line":37,"column":23}}},"fnMap":{"0":{"name":"(anonymous_1)","decl":{"start":{"line":13,"column":32},"end":{"line":13,"column":35}},"loc":{"start":{"line":13,"column":37},"end":{"line":17,"column":1}}},"1":{"name":"(anonymous_2)","decl":{"start":{"line":22,"column":8},"end":{"line":22,"column":9}},"loc":{"start":{"line":22,"column":27},"end":{"line":25,"column":1}}}},"branchMap":{"0":{"loc":{"start":{"line":32,"column":0},"end":{"line":39,"column":null}},"type":"if","locations":[{"start":{"line":32,"column":0},"end":{"line":39,"column":null}}]}},"s":{"0":1,"1":1,"2":1,"3":1,"4":1,"5":1,"6":1,"7":1,"8":1,"9":1,"10":1,"11":1,"12":1,"13":1,"14":1,"15":1,"16":1,"17":1,"18":1,"19":1,"20":1,"21":1,"22":0},"f":{"0":1,"1":1},"b":{"0":[1]}}
,"/Users/nathangray/Projects/SOC_Workshops/coffee/Coffee-backend/src/controllers/coffeeshopController.ts": {"path":"/Users/nathangray/Projects/SOC_Workshops/coffee/Coffee-backend/src/controllers/coffeeshopController.ts","statementMap":{"0":{"start":{"line":1,"column":0},"end":{"line":1,"column":49}},"1":{"start":{"line":2,"column":0},"end":{"line":2,"column":32}},"2":{"start":{"line":6,"column":33},"end":{"line":9,"column":1}},"3":{"start":{"line":7,"column":15},"end":{"line":7,"column":40}},"4":{"start":{"line":8,"column":2},"end":{"line":8,"column":29}},"5":{"start":{"line":6,"column":13},"end":{"line":6,"column":33}},"6":{"start":{"line":12,"column":29},"end":{"line":21,"column":1}},"7":{"start":{"line":13,"column":17},"end":{"line":13,"column":27}},"8":{"start":{"line":14,"column":2},"end":{"line":17,"column":null}},"9":{"start":{"line":15,"column":4},"end":{"line":15,"column":74}},"10":{"start":{"line":16,"column":4},"end":{"line":16,"column":11}},"11":{"start":{"line":19,"column":21},"end":{"line":19,"column":50}},"12":{"start":{"line":20,"column":2},"end":{"line":20,"column":35}},"13":{"start":{"line":12,"column":13},"end":{"line":12,"column":29}},"14":{"start":{"line":24,"column":32},"end":{"line":33,"column":1}},"15":{"start":{"line":25,"column":25},"end":{"line":25,"column":33}},"16":{"start":{"line":27,"column":2},"end":{"line":32,"column":null}},"17":{"start":{"line":28,"column":23},"end":{"line":28,"column":62}},"18":{"start":{"line":29,"column":4},"end":{"line":29,"column":37}},"19":{"start":{"line":31,"column":4},"end":{"line":31,"column":48}},"20":{"start":{"line":24,"column":13},"end":{"line":24,"column":32}},"21":{"start":{"line":35,"column":32},"end":{"line":44,"column":1}},"22":{"start":{"line":36,"column":17},"end":{"line":36,"column":27}},"23":{"start":{"line":38,"column":2},"end":{"line":43,"column":null}},"24":{"start":{"line":39,"column":30},"end":{"line":39,"column":67}},"25":{"start":{"line":40,"column":4},"end":{"line":40,"column":44}},"26":{"start":{"line":42,"column":4},"end":{"line":42,"column":80}},"27":{"start":{"line":35,"column":13},"end":{"line":35,"column":32}},"28":{"start":{"line":46,"column":32},"end":{"line":64,"column":1}},"29":{"start":{"line":47,"column":17},"end":{"line":47,"column":27}},"30":{"start":{"line":49,"column":2},"end":{"line":52,"column":null}},"31":{"start":{"line":50,"column":4},"end":{"line":50,"column":74}},"32":{"start":{"line":51,"column":4},"end":{"line":51,"column":11}},"33":{"start":{"line":53,"column":28},"end":{"line":55,"column":null}},"34":{"start":{"line":57,"column":2},"end":{"line":57,"column":81}},"35":{"start":{"line":59,"column":2},"end":{"line":63,"column":null}},"36":{"start":{"line":60,"column":4},"end":{"line":62,"column":66}},"37":{"start":{"line":46,"column":13},"end":{"line":46,"column":32}}},"fnMap":{"0":{"name":"(anonymous_1)","decl":{"start":{"line":6,"column":33},"end":{"line":6,"column":38}},"loc":{"start":{"line":6,"column":71},"end":{"line":9,"column":1}}},"1":{"name":"(anonymous_2)","decl":{"start":{"line":12,"column":29},"end":{"line":12,"column":34}},"loc":{"start":{"line":12,"column":67},"end":{"line":21,"column":1}}},"2":{"name":"(anonymous_3)","decl":{"start":{"line":24,"column":32},"end":{"line":24,"column":37}},"loc":{"start":{"line":24,"column":70},"end":{"line":33,"column":1}}},"3":{"name":"(anonymous_4)","decl":{"start":{"line":35,"column":32},"end":{"line":35,"column":37}},"loc":{"start":{"line":35,"column":70},"end":{"line":44,"column":1}}},"4":{"name":"(anonymous_5)","decl":{"start":{"line":46,"column":32},"end":{"line":46,"column":37}},"loc":{"start":{"line":46,"column":70},"end":{"line":64,"column":1}}}},"branchMap":{"0":{"loc":{"start":{"line":14,"column":2},"end":{"line":17,"column":null}},"type":"if","locations":[{"start":{"line":14,"column":2},"end":{"line":17,"column":null}}]},"1":{"loc":{"start":{"line":49,"column":2},"end":{"line":52,"column":null}},"type":"if","locations":[{"start":{"line":49,"column":2},"end":{"line":52,"column":null}}]},"2":{"loc":{"start":{"line":59,"column":2},"end":{"line":63,"column":null}},"type":"if","locations":[{"start":{"line":59,"column":2},"end":{"line":63,"column":null}}]}},"s":{"0":1,"1":1,"2":1,"3":1,"4":1,"5":1,"6":1,"7":0,"8":0,"9":0,"10":0,"11":0,"12":0,"13":1,"14":1,"15":0,"16":0,"17":0,"18":0,"19":0,"20":1,"21":1,"22":0,"23":0,"24":0,"25":0,"26":0,"27":1,"28":1,"29":0,"30":0,"31":0,"32":0,"33":0,"34":0,"35":0,"36":0,"37":1},"f":{"0":1,"1":0,"2":0,"3":0,"4":0},"b":{"0":[0],"1":[0],"2":[0]}}
,"/Users/nathangray/Projects/SOC_Workshops/coffee/Coffee-backend/src/models/Coffeeshops.ts": {"path":"/Users/nathangray/Projects/SOC_Workshops/coffee/Coffee-backend/src/models/Coffeeshops.ts","statementMap":{"0":{"start":{"line":1,"column":0},"end":{"line":1,"column":32}},"1":{"start":{"line":3,"column":15},"end":{"line":3,"column":30}},"2":{"start":{"line":4,"column":25},"end":{"line":15,"column":null}},"3":{"start":{"line":17,"column":19},"end":{"line":17,"column":65}},"4":{"start":{"line":19,"column":0},"end":{"line":19,"column":26}}},"fnMap":{},"branchMap":{},"s":{"0":1,"1":1,"2":1,"3":1,"4":1},"f":{},"b":{}}
,"/Users/nathangray/Projects/SOC_Workshops/coffee/Coffee-backend/src/routes/coffeeshops.ts": {"path":"/Users/nathangray/Projects/SOC_Workshops/coffee/Coffee-backend/src/routes/coffeeshops.ts","statementMap":{"0":{"start":{"line":1,"column":0},"end":{"line":1,"column":30}},"1":{"start":{"line":2,"column":0},"end":{"line":2,"column":null}},"2":{"start":{"line":13,"column":15},"end":{"line":13,"column":31}},"3":{"start":{"line":16,"column":0},"end":{"line":16,"column":35}},"4":{"start":{"line":19,"column":0},"end":{"line":19,"column":34}},"5":{"start":{"line":22,"column":0},"end":{"line":22,"column":35}},"6":{"start":{"line":25,"column":0},"end":{"line":25,"column":40}},"7":{"start":{"line":28,"column":0},"end":{"line":28,"column":39}},"8":{"start":{"line":30,"column":0},"end":{"line":30,"column":22}}},"fnMap":{},"branchMap":{},"s":{"0":1,"1":1,"2":1,"3":1,"4":1,"5":1,"6":1,"7":1,"8":1},"f":{},"b":{}}
}
