TN:
SF:src/server.ts
FN:18,(anonymous_1)
FNF:1
FNH:1
FNDA:2,(anonymous_1)
DA:1,1
DA:2,1
DA:3,1
DA:4,1
DA:5,1
DA:7,1
DA:10,1
DA:11,1
DA:12,1
DA:16,1
DA:17,1
DA:18,1
DA:19,2
DA:20,2
DA:24,1
DA:28,1
DA:29,1
DA:30,1
DA:33,0
DA:38,1
LF:20
LH:19
BRDA:28,0,0,1
BRF:1
BRH:1
end_of_record
TN:
SF:src/controllers/coffeeshopController.ts
FN:6,(anonymous_1)
FN:12,(anonymous_2)
FN:24,(anonymous_3)
FN:35,(anonymous_4)
FN:46,(anonymous_5)
FNF:5
FNH:2
FNDA:1,(anonymous_1)
FNDA:0,(anonymous_2)
FNDA:1,(anonymous_3)
FNDA:0,(anonymous_4)
FNDA:0,(anonymous_5)
DA:1,1
DA:2,1
DA:6,1
DA:7,1
DA:8,1
DA:12,1
DA:13,0
DA:14,0
DA:15,0
DA:16,0
DA:19,0
DA:20,0
DA:24,1
DA:25,1
DA:27,1
DA:28,1
DA:29,1
DA:31,0
DA:35,1
DA:36,0
DA:38,0
DA:39,0
DA:40,0
DA:42,0
DA:46,1
DA:47,0
DA:49,0
DA:50,0
DA:51,0
DA:53,0
DA:57,0
DA:59,0
DA:60,0
LF:33
LH:13
BRDA:14,0,0,0
BRDA:49,1,0,0
BRDA:59,2,0,0
BRF:3
BRH:0
end_of_record
TN:
SF:src/models/Coffeeshops.ts
FNF:0
FNH:0
DA:1,1
DA:3,1
DA:4,1
DA:17,1
DA:19,1
LF:5
LH:5
BRF:0
BRH:0
end_of_record
TN:
SF:src/routes/coffeeshops.ts
FNF:0
FNH:0
DA:1,1
DA:2,1
DA:13,1
DA:16,1
DA:19,1
DA:22,1
DA:25,1
DA:28,1
DA:30,1
LF:9
LH:9
BRF:0
BRH:0
end_of_record
